Unity Editor version:    2021.3.1f1 (3b70a0754835)
Branch:                  2021.3/staging
Build type:              Release
Batch mode:              YES
macOS version:           Version 14.4 (Build 23E214)
Darwin version:          23.4.0
Architecture:            x86_64
Running under Rosetta:   YES
Available memory:        8192 MB
Using pre-set license
Pro License: YES

COMMAND LINE ARGUMENTS:
/Applications/Unity/Hub/Editor/2021.3.1f1/Unity.app/Contents/MacOS/Unity
-adb2
-batchMode
-noUpm
-name
AssetImportWorker8
-projectPath
/Users/mac/SUCK/Alpha
-logFile
Logs/AssetImportWorker8.log
-srvPort
54784
Successfully changed project path to: /Users/mac/SUCK/Alpha
/Users/mac/SUCK/Alpha
[UnityMemory] Configuration Parameters - Can be set up in boot.config
    "memorysetup-bucket-allocator-granularity=16"
    "memorysetup-bucket-allocator-bucket-count=8"
    "memorysetup-bucket-allocator-block-size=33554432"
    "memorysetup-bucket-allocator-block-count=8"
    "memorysetup-main-allocator-block-size=16777216"
    "memorysetup-thread-allocator-block-size=16777216"
    "memorysetup-gfx-main-allocator-block-size=16777216"
    "memorysetup-gfx-thread-allocator-block-size=16777216"
    "memorysetup-cache-allocator-block-size=4194304"
    "memorysetup-typetree-allocator-block-size=2097152"
    "memorysetup-profiler-bucket-allocator-granularity=16"
    "memorysetup-profiler-bucket-allocator-bucket-count=8"
    "memorysetup-profiler-bucket-allocator-block-size=33554432"
    "memorysetup-profiler-bucket-allocator-block-count=8"
    "memorysetup-profiler-allocator-block-size=16777216"
    "memorysetup-profiler-editor-allocator-block-size=1048576"
    "memorysetup-temp-allocator-size-main=16777216"
    "memorysetup-job-temp-allocator-block-size=2097152"
    "memorysetup-job-temp-allocator-block-size-background=1048576"
    "memorysetup-job-temp-allocator-reduction-small-platforms=262144"
    "memorysetup-temp-allocator-size-background-worker=32768"
    "memorysetup-temp-allocator-size-job-worker=262144"
    "memorysetup-temp-allocator-size-preload-manager=33554432"
    "memorysetup-temp-allocator-size-nav-mesh-worker=65536"
    "memorysetup-temp-allocator-size-audio-worker=65536"
    "memorysetup-temp-allocator-size-cloud-worker=32768"
    "memorysetup-temp-allocator-size-gi-baking-worker=262144"
    "memorysetup-temp-allocator-size-gfx=262144"
Refreshing native plugins compatible for Editor in 556.36 ms, found 3 plugins.
Preloading 0 native plugins for Editor in 0.00 ms.
Initialize engine version: 2021.3.1f1 (3b70a0754835)
[Subsystems] Discovering subsystems at path /Applications/Unity/Hub/Editor/2021.3.1f1/Unity.app/Contents/Resources/UnitySubsystems
[Subsystems] Discovering subsystems at path /Users/mac/SUCK/Alpha/Assets
GfxDevice: creating device client; threaded=0; jobified=0
 preferred device: Apple M1 (high power)
Metal devices available: 1
0: Apple M1 (high power)
Using device Apple M1 (high power)
Initializing Metal device caps: Apple M1
Initialize mono
Mono path[0] = '/Applications/Unity/Hub/Editor/2021.3.1f1/Unity.app/Contents/Managed'
Mono path[1] = '/Applications/Unity/Hub/Editor/2021.3.1f1/Unity.app/Contents/MonoBleedingEdge/lib/mono/unityjit-macos'
Mono config path = '/Applications/Unity/Hub/Editor/2021.3.1f1/Unity.app/Contents/MonoBleedingEdge/etc'
Using monoOptions --debugger-agent=transport=dt_socket,embedding=1,server=y,suspend=n,address=127.0.0.1:56278
Begin MonoManager ReloadAssembly
Registering precompiled unity dll's ...
Register platform support module: /Applications/Unity/Hub/Editor/2021.3.1f1/Unity.app/Contents/PlaybackEngines/MacStandaloneSupport/UnityEditor.OSXStandalone.Extensions.dll
Registered in 0.001330 seconds.
Native extension for OSXStandalone target not found
Refreshing native plugins compatible for Editor in 172.97 ms, found 3 plugins.
Preloading 0 native plugins for Editor in 0.00 ms.
Mono: successfully reloaded assembly
- Completed reload, in  2.175 seconds
Domain Reload Profiling:
	ReloadAssembly (2176ms)
		BeginReloadAssembly (189ms)
			ExecutionOrderSort (0ms)
			DisableScriptedObjects (0ms)
			BackupInstance (0ms)
			ReleaseScriptingObjects (0ms)
			CreateAndSetChildDomain (3ms)
		EndReloadAssembly (1640ms)
			LoadAssemblies (186ms)
			RebuildTransferFunctionScriptingTraits (2ms)
			SetupTypeCache (141ms)
			ReleaseScriptCaches (0ms)
			RebuildScriptCaches (37ms)
			SetupLoadedEditorAssemblies (1238ms)
				LogAssemblyErrors (0ms)
				InitializePlatformSupportModulesInManaged (21ms)
				SetLoadedEditorAssemblies (1ms)
				RefreshPlugins (173ms)
				BeforeProcessingInitializeOnLoad (6ms)
				ProcessInitializeOnLoadAttributes (808ms)
				ProcessInitializeOnLoadMethodAttributes (229ms)
				AfterProcessingInitializeOnLoad (0ms)
				EditorAssembliesLoaded (1ms)
			ExecutionOrderSort2 (0ms)
			AwakeInstancesAfterBackupRestoration (0ms)
Platform modules already initialized, skipping
Registering precompiled user dll's ...
Registered in 0.006494 seconds.
Begin MonoManager ReloadAssembly
Symbol file LoadedFromMemory doesn't match image /Users/mac/SUCK/Alpha/Library/PackageCache/com.unity.visualscripting@1.7.6/Editor/VisualScripting.Core/Dependencies/YamlDotNet/Unity.VisualScripting.YamlDotNet.dll
Symbol file LoadedFromMemory is not a mono symbol file
Symbol file LoadedFromMemory doesn't match image /Users/mac/SUCK/Alpha/Library/PackageCache/com.unity.visualscripting@1.7.6/Editor/VisualScripting.Core/Dependencies/DotNetZip/Unity.VisualScripting.IonicZip.dll
Native extension for OSXStandalone target not found
Refreshing native plugins compatible for Editor in 166.83 ms, found 3 plugins.
Preloading 0 native plugins for Editor in 0.00 ms.
Mono: successfully reloaded assembly
- Completed reload, in  3.567 seconds
Domain Reload Profiling:
	ReloadAssembly (3570ms)
		BeginReloadAssembly (404ms)
			ExecutionOrderSort (0ms)
			DisableScriptedObjects (54ms)
			BackupInstance (0ms)
			ReleaseScriptingObjects (0ms)
			CreateAndSetChildDomain (58ms)
		EndReloadAssembly (2800ms)
			LoadAssemblies (253ms)
			RebuildTransferFunctionScriptingTraits (0ms)
			SetupTypeCache (330ms)
			ReleaseScriptCaches (4ms)
			RebuildScriptCaches (68ms)
			SetupLoadedEditorAssemblies (1941ms)
				LogAssemblyErrors (0ms)
				InitializePlatformSupportModulesInManaged (12ms)
				SetLoadedEditorAssemblies (1ms)
				RefreshPlugins (167ms)
				BeforeProcessingInitializeOnLoad (184ms)
				ProcessInitializeOnLoadAttributes (1345ms)
				ProcessInitializeOnLoadMethodAttributes (231ms)
				AfterProcessingInitializeOnLoad (1ms)
				EditorAssembliesLoaded (1ms)
			ExecutionOrderSort2 (0ms)
			AwakeInstancesAfterBackupRestoration (14ms)
Platform modules already initialized, skipping
========================================================================
Worker process is ready to serve import requests
Launching external process: /Applications/Unity/Hub/Editor/2021.3.1f1/Unity.app/Contents/Tools/UnityShaderCompiler
Launched and connected shader compiler UnityShaderCompiler after 1.05 seconds
Refreshing native plugins compatible for Editor in 2.43 ms, found 3 plugins.
Preloading 0 native plugins for Editor in 0.00 ms.
Unloading 3913 Unused Serialized files (Serialized files now loaded: 0)
Unloading 34 unused Assets / (39.7 KB). Loaded Objects now: 4373.
Memory consumption went from 132.5 MB to 132.5 MB.
Total: 7.752583 ms (FindLiveObjects: 0.459625 ms CreateObjectMapping: 0.114708 ms MarkObjects: 6.988917 ms  DeleteObjects: 0.188167 ms)

AssetImportParameters requested are different than current active one (requested -> active):
  custom:video-decoder-ogg-theora: a1e56fd34408186e4bbccfd4996cb3dc -> 
  custom:container-muxer-webm: aa71ff27fc2769a1b78a27578f13a17b -> 
  custom:container-demuxer-webm: 4f35f7cbe854078d1ac9338744f61a02 -> 
  custom:video-encoder-webm-vp8: eb34c28f22e8b96e1ab97ce403110664 -> 
  custom:framework-osx-AVFoundation: e770b220cccbd017edd2c1fefb359320 -> 
  custom:audio-encoder-webm-vorbis: bf7c407c2cedff20999df2af8eb42d56 -> 
  custom:SearchIndexIgnoredProperties: e643bd26f0fe6173181afceb89e7c659 -> 
  custom:container-demuxer-ogg: 62fdf1f143b41e24485cea50d1cbac27 -> 
  custom:video-decoder-webm-vp8: 9c59270c3fd7afecdb556c50c9e8de78 -> 
  custom:audio-decoder-ogg-vorbis: bf7c407c2cedff20999df2af8eb42d56 -> 
========================================================================
Received Import Request.
  Time since last request: 506764.481916 seconds.
  path: Assets/Pixel Adventure 1/Assets/Main Characters/Virtual Guy/Idle.anim
  artifactKey: Guid(78cdea2e6ff5046329c0e475a3ddfc43) Importer(2089858483,934ff659095e30574adcf32a4c2f97b5)
Start importing Assets/Pixel Adventure 1/Assets/Main Characters/Virtual Guy/Idle.anim using Guid(78cdea2e6ff5046329c0e475a3ddfc43) Importer(2089858483,934ff659095e30574adcf32a4c2f97b5)  -> (artifact id: '90fd859b55c91a659f651b2d5619b54a') in 0.866189 seconds 
========================================================================
Received Import Request.
  Time since last request: 75.350255 seconds.
  path: Assets/Pixel Adventure 1/Assets/Main Characters/Virtual Guy/stay.anim
  artifactKey: Guid(3cf956b1cf20f49fcacf85ffecdb45ed) Importer(815301076,1909f56bfc062723c751e8b465ee728b)
Start importing Assets/Pixel Adventure 1/Assets/Main Characters/Virtual Guy/stay.anim using Guid(3cf956b1cf20f49fcacf85ffecdb45ed) Importer(815301076,1909f56bfc062723c751e8b465ee728b)  -> (artifact id: '1a8700c2519643f57afe57c4b4a7ffd3') in 0.076347 seconds 
========================================================================
Received Import Request.
  Time since last request: 0.775568 seconds.
  path: Assets/Pixel Adventure 1/Assets/Main Characters/Virtual Guy/stay.anim
  artifactKey: Guid(3cf956b1cf20f49fcacf85ffecdb45ed) Importer(2089858483,934ff659095e30574adcf32a4c2f97b5)
Start importing Assets/Pixel Adventure 1/Assets/Main Characters/Virtual Guy/stay.anim using Guid(3cf956b1cf20f49fcacf85ffecdb45ed) Importer(2089858483,934ff659095e30574adcf32a4c2f97b5)  -> (artifact id: 'fb0946b4a738887ce9c8d2c5283fc37a') in 0.034581 seconds 
========================================================================
Received Import Request.
  Time since last request: 15.642690 seconds.
  path: Assets/Pixel Adventure 1/Assets/Main Characters/Virtual Guy/Fail.anim
  artifactKey: Guid(3cf956b1cf20f49fcacf85ffecdb45ed) Importer(815301076,1909f56bfc062723c751e8b465ee728b)
Start importing Assets/Pixel Adventure 1/Assets/Main Characters/Virtual Guy/Fail.anim using Guid(3cf956b1cf20f49fcacf85ffecdb45ed) Importer(815301076,1909f56bfc062723c751e8b465ee728b)  -> (artifact id: '024924135fe6984f57a1ad864c67bfce') in 0.011273 seconds 
========================================================================
Received Import Request.
  Time since last request: 0.903807 seconds.
  path: Assets/Pixel Adventure 1/Assets/Main Characters/Virtual Guy/Fail.anim
  artifactKey: Guid(3cf956b1cf20f49fcacf85ffecdb45ed) Importer(2089858483,934ff659095e30574adcf32a4c2f97b5)
Start importing Assets/Pixel Adventure 1/Assets/Main Characters/Virtual Guy/Fail.anim using Guid(3cf956b1cf20f49fcacf85ffecdb45ed) Importer(2089858483,934ff659095e30574adcf32a4c2f97b5)  -> (artifact id: '45c270641991545dd7e249be516e1267') in 0.016341 seconds 
========================================================================
Received Import Request.
  Time since last request: 6.554851 seconds.
  path: Assets/Pixel Adventure 1/Assets/Main Characters/Virtual Guy/Jump.anim
  artifactKey: Guid(ee11f91ff6e824b4fb6ebc9246069f20) Importer(815301076,1909f56bfc062723c751e8b465ee728b)
Start importing Assets/Pixel Adventure 1/Assets/Main Characters/Virtual Guy/Jump.anim using Guid(ee11f91ff6e824b4fb6ebc9246069f20) Importer(815301076,1909f56bfc062723c751e8b465ee728b)  -> (artifact id: '5758980ce3c54f2c61bf993efe689c0c') in 0.002129 seconds 
========================================================================
Received Import Request.
  Time since last request: 1.915021 seconds.
  path: Assets/Pixel Adventure 1/Assets/Main Characters/Virtual Guy/Jump.anim
  artifactKey: Guid(ee11f91ff6e824b4fb6ebc9246069f20) Importer(2089858483,934ff659095e30574adcf32a4c2f97b5)
Start importing Assets/Pixel Adventure 1/Assets/Main Characters/Virtual Guy/Jump.anim using Guid(ee11f91ff6e824b4fb6ebc9246069f20) Importer(2089858483,934ff659095e30574adcf32a4c2f97b5)  -> (artifact id: '9b4c283c22cc4f6e1042894984d4260c') in 0.013260 seconds 
========================================================================
Received Import Request.
  Time since last request: 6.450608 seconds.
  path: Assets/Pixel Adventure 1/Assets/Main Characters/Virtual Guy/Idle (32x32)_0.controller
  artifactKey: Guid(b5bf3961a21b44dffbd16afe4bbe61c1) Importer(815301076,1909f56bfc062723c751e8b465ee728b)
Start importing Assets/Pixel Adventure 1/Assets/Main Characters/Virtual Guy/Idle (32x32)_0.controller using Guid(b5bf3961a21b44dffbd16afe4bbe61c1) Importer(815301076,1909f56bfc062723c751e8b465ee728b)  -> (artifact id: '6d48b7364f268fe03ca99292c3cf2f22') in 0.143525 seconds 
========================================================================
Received Import Request.
  Time since last request: 46.770054 seconds.
  path: Assets/Pixel Adventure 1/Assets/Main Characters/Virtual Guy/Idle.anim
  artifactKey: Guid(78cdea2e6ff5046329c0e475a3ddfc43) Importer(815301076,1909f56bfc062723c751e8b465ee728b)
Start importing Assets/Pixel Adventure 1/Assets/Main Characters/Virtual Guy/Idle.anim using Guid(78cdea2e6ff5046329c0e475a3ddfc43) Importer(815301076,1909f56bfc062723c751e8b465ee728b)  -> (artifact id: 'bac619b899fc1bb1af05c0f6c8768a05') in 0.010401 seconds 
========================================================================
Received Import Request.
  Time since last request: 701.967713 seconds.
  path: Assets/Pixel Adventure 1/Assets/Main Characters/Virtual Guy/Fail.anim
  artifactKey: Guid(3cf956b1cf20f49fcacf85ffecdb45ed) Importer(2089858483,934ff659095e30574adcf32a4c2f97b5)
Start importing Assets/Pixel Adventure 1/Assets/Main Characters/Virtual Guy/Fail.anim using Guid(3cf956b1cf20f49fcacf85ffecdb45ed) Importer(2089858483,934ff659095e30574adcf32a4c2f97b5)  -> (artifact id: '3ab25989f925f872493ea652e417df56') in 0.038261 seconds 
========================================================================
Received Import Request.
  Time since last request: 0.000192 seconds.
  path: Assets/Pixel Adventure 1/Assets/Main Characters/Virtual Guy/Idle (32x32)_0 1.controller
  artifactKey: Guid(e9dde21740ca3477aba43b72649b3c6c) Importer(2089858483,934ff659095e30574adcf32a4c2f97b5)
Start importing Assets/Pixel Adventure 1/Assets/Main Characters/Virtual Guy/Idle (32x32)_0 1.controller using Guid(e9dde21740ca3477aba43b72649b3c6c) Importer(2089858483,934ff659095e30574adcf32a4c2f97b5)  -> (artifact id: '57b4a407f9134e5bce991ccbf5c0377d') in 0.012688 seconds 
========================================================================
Received Prepare
Registering precompiled user dll's ...
Registered in 0.002163 seconds.
Begin MonoManager ReloadAssembly
Symbol file LoadedFromMemory doesn't match image /Users/mac/SUCK/Alpha/Library/PackageCache/com.unity.visualscripting@1.7.6/Editor/VisualScripting.Core/Dependencies/YamlDotNet/Unity.VisualScripting.YamlDotNet.dll
Symbol file LoadedFromMemory is not a mono symbol file
Symbol file LoadedFromMemory doesn't match image /Users/mac/SUCK/Alpha/Library/PackageCache/com.unity.visualscripting@1.7.6/Editor/VisualScripting.Core/Dependencies/DotNetZip/Unity.VisualScripting.IonicZip.dll
Native extension for OSXStandalone target not found
Refreshing native plugins compatible for Editor in 3.59 ms, found 3 plugins.
Preloading 0 native plugins for Editor in 0.00 ms.
Mono: successfully reloaded assembly
- Completed reload, in  3.229 seconds
Domain Reload Profiling:
	ReloadAssembly (3232ms)
		BeginReloadAssembly (445ms)
			ExecutionOrderSort (0ms)
			DisableScriptedObjects (75ms)
			BackupInstance (0ms)
			ReleaseScriptingObjects (0ms)
			CreateAndSetChildDomain (134ms)
		EndReloadAssembly (2481ms)
			LoadAssemblies (243ms)
			RebuildTransferFunctionScriptingTraits (0ms)
			SetupTypeCache (303ms)
			ReleaseScriptCaches (9ms)
			RebuildScriptCaches (64ms)
			SetupLoadedEditorAssemblies (1588ms)
				LogAssemblyErrors (0ms)
				InitializePlatformSupportModulesInManaged (53ms)
				SetLoadedEditorAssemblies (2ms)
				RefreshPlugins (4ms)
				BeforeProcessingInitializeOnLoad (180ms)
				ProcessInitializeOnLoadAttributes (1139ms)
				ProcessInitializeOnLoadMethodAttributes (210ms)
				AfterProcessingInitializeOnLoad (1ms)
				EditorAssembliesLoaded (1ms)
			ExecutionOrderSort2 (0ms)
			AwakeInstancesAfterBackupRestoration (24ms)
Platform modules already initialized, skipping
Refreshing native plugins compatible for Editor in 2.92 ms, found 3 plugins.
Preloading 0 native plugins for Editor in 0.00 ms.
Unloading 3902 Unused Serialized files (Serialized files now loaded: 0)
Unloading 21 unused Assets / (22.0 KB). Loaded Objects now: 4376.
Memory consumption went from 294.8 MB to 294.8 MB.
Total: 3.899125 ms (FindLiveObjects: 0.236542 ms CreateObjectMapping: 0.096208 ms MarkObjects: 3.530917 ms  DeleteObjects: 0.034333 ms)

AssetImportParameters requested are different than current active one (requested -> active):
  custom:video-decoder-ogg-theora: a1e56fd34408186e4bbccfd4996cb3dc -> 
  custom:container-muxer-webm: aa71ff27fc2769a1b78a27578f13a17b -> 
  custom:container-demuxer-webm: 4f35f7cbe854078d1ac9338744f61a02 -> 
  custom:video-encoder-webm-vp8: eb34c28f22e8b96e1ab97ce403110664 -> 
  custom:framework-osx-AVFoundation: e770b220cccbd017edd2c1fefb359320 -> 
  custom:audio-encoder-webm-vorbis: bf7c407c2cedff20999df2af8eb42d56 -> 
  custom:SearchIndexIgnoredProperties: e643bd26f0fe6173181afceb89e7c659 -> 
  custom:container-demuxer-ogg: 62fdf1f143b41e24485cea50d1cbac27 -> 
  custom:video-decoder-webm-vp8: 9c59270c3fd7afecdb556c50c9e8de78 -> 
  custom:audio-decoder-ogg-vorbis: bf7c407c2cedff20999df2af8eb42d56 -> 
========================================================================
Received Import Request.
  Time since last request: 354.408455 seconds.
  path: Assets/Pixel Adventure 1/Assets/Main Characters/Ninja Frog/Double Jump (32x32).png
  artifactKey: Guid(4099f676255555240b5240f897805dce) Importer(815301076,1909f56bfc062723c751e8b465ee728b)
Start importing Assets/Pixel Adventure 1/Assets/Main Characters/Ninja Frog/Double Jump (32x32).png using Guid(4099f676255555240b5240f897805dce) Importer(815301076,1909f56bfc062723c751e8b465ee728b)  -> (artifact id: '0fa3664641f3c9c88c8d9d5e4f66a955') in 1.095084 seconds 
========================================================================
Received Import Request.
  Time since last request: 55.787604 seconds.
  path: Assets/Pixel Adventure 1/Assets/Main Characters/Pink Man/Fall (32x32).png
  artifactKey: Guid(1a6feec238b9a99499082bb755fa32df) Importer(815301076,1909f56bfc062723c751e8b465ee728b)
Start importing Assets/Pixel Adventure 1/Assets/Main Characters/Pink Man/Fall (32x32).png using Guid(1a6feec238b9a99499082bb755fa32df) Importer(815301076,1909f56bfc062723c751e8b465ee728b)  -> (artifact id: '82278aa45ecf9ce8d265b5d5c955ed6a') in 0.087622 seconds 
========================================================================
Received Import Request.
  Time since last request: 0.000174 seconds.
  path: Assets/Pixel Adventure 1/Assets/Main Characters/Pink Man/Wall Jump (32x32).png
  artifactKey: Guid(603abb83490921841976d0f1b2045f23) Importer(815301076,1909f56bfc062723c751e8b465ee728b)
Start importing Assets/Pixel Adventure 1/Assets/Main Characters/Pink Man/Wall Jump (32x32).png using Guid(603abb83490921841976d0f1b2045f23) Importer(815301076,1909f56bfc062723c751e8b465ee728b)  -> (artifact id: 'e2301df022652a19ee09892a1b0747cf') in 0.040671 seconds 
Editor requested this worker to shutdown with reason: Scaling down because of idle timeout
AssetImportWorkerClient::OnTransportError - code=2 error=End of file
AssetImportWorker is now disconnected from the server
Process exiting
